E, [2015-06-29T11:07:32.421810 #4100] ERROR -- Kitchen: ------Exception-------
E, [2015-06-29T11:07:32.421963 #4100] ERROR -- Kitchen: Class: Kitchen::UserError
E, [2015-06-29T11:07:32.422015 #4100] ERROR -- Kitchen: Message: Kitchen YAML file /home/Stuff/Vagrant/Projects/VM_169.x/learning_chef/.kitchen.yml does not exist.
E, [2015-06-29T11:07:32.422057 #4100] ERROR -- Kitchen: ------Backtrace-------
E, [2015-06-29T11:07:32.422098 #4100] ERROR -- Kitchen: /var/lib/gems/1.9.1/gems/test-kitchen-1.4.1/lib/kitchen/loader/yaml.rb:74:in `read'
E, [2015-06-29T11:07:32.422137 #4100] ERROR -- Kitchen: /var/lib/gems/1.9.1/gems/test-kitchen-1.4.1/lib/kitchen/config.rb:145:in `data'
E, [2015-06-29T11:07:32.422176 #4100] ERROR -- Kitchen: /var/lib/gems/1.9.1/gems/test-kitchen-1.4.1/lib/kitchen/config.rb:124:in `suites'
E, [2015-06-29T11:07:32.422216 #4100] ERROR -- Kitchen: /var/lib/gems/1.9.1/gems/test-kitchen-1.4.1/lib/kitchen/config.rb:175:in `filter_instances'
E, [2015-06-29T11:07:32.422260 #4100] ERROR -- Kitchen: /var/lib/gems/1.9.1/gems/test-kitchen-1.4.1/lib/kitchen/config.rb:134:in `build_instances'
E, [2015-06-29T11:07:32.422308 #4100] ERROR -- Kitchen: /var/lib/gems/1.9.1/gems/test-kitchen-1.4.1/lib/kitchen/config.rb:110:in `instances'
E, [2015-06-29T11:07:32.422349 #4100] ERROR -- Kitchen: /var/lib/gems/1.9.1/gems/test-kitchen-1.4.1/lib/kitchen/command.rb:115:in `filtered_instances'
E, [2015-06-29T11:07:32.422388 #4100] ERROR -- Kitchen: /var/lib/gems/1.9.1/gems/test-kitchen-1.4.1/lib/kitchen/command.rb:145:in `parse_subcommand'
E, [2015-06-29T11:07:32.422428 #4100] ERROR -- Kitchen: /var/lib/gems/1.9.1/gems/test-kitchen-1.4.1/lib/kitchen/command/list.rb:32:in `call'
E, [2015-06-29T11:07:32.422468 #4100] ERROR -- Kitchen: /var/lib/gems/1.9.1/gems/test-kitchen-1.4.1/lib/kitchen/cli.rb:56:in `perform'
E, [2015-06-29T11:07:32.422507 #4100] ERROR -- Kitchen: /var/lib/gems/1.9.1/gems/test-kitchen-1.4.1/lib/kitchen/cli.rb:108:in `list'
E, [2015-06-29T11:07:32.422546 #4100] ERROR -- Kitchen: /var/lib/gems/1.9.1/gems/thor-0.19.1/lib/thor/command.rb:27:in `run'
E, [2015-06-29T11:07:32.422588 #4100] ERROR -- Kitchen: /var/lib/gems/1.9.1/gems/thor-0.19.1/lib/thor/invocation.rb:126:in `invoke_command'
E, [2015-06-29T11:07:32.422629 #4100] ERROR -- Kitchen: /var/lib/gems/1.9.1/gems/test-kitchen-1.4.1/lib/kitchen/cli.rb:308:in `invoke_task'
E, [2015-06-29T11:07:32.422668 #4100] ERROR -- Kitchen: /var/lib/gems/1.9.1/gems/thor-0.19.1/lib/thor.rb:359:in `dispatch'
E, [2015-06-29T11:07:32.422709 #4100] ERROR -- Kitchen: /var/lib/gems/1.9.1/gems/thor-0.19.1/lib/thor/base.rb:440:in `start'
E, [2015-06-29T11:07:32.422748 #4100] ERROR -- Kitchen: /var/lib/gems/1.9.1/gems/test-kitchen-1.4.1/bin/kitchen:13:in `block in <top (required)>'
E, [2015-06-29T11:07:32.422786 #4100] ERROR -- Kitchen: /var/lib/gems/1.9.1/gems/test-kitchen-1.4.1/lib/kitchen/errors.rb:154:in `with_friendly_errors'
E, [2015-06-29T11:07:32.422826 #4100] ERROR -- Kitchen: /var/lib/gems/1.9.1/gems/test-kitchen-1.4.1/bin/kitchen:13:in `<top (required)>'
E, [2015-06-29T11:07:32.422865 #4100] ERROR -- Kitchen: /usr/local/bin/kitchen:23:in `load'
E, [2015-06-29T11:07:32.422904 #4100] ERROR -- Kitchen: /usr/local/bin/kitchen:23:in `<main>'
E, [2015-06-29T11:07:32.422948 #4100] ERROR -- Kitchen: ----------------------
